<?xml version="1.0" encoding="UTF-8"?>
<!-- Generated by org.testng.reporters.JUnitXMLReporter -->
<testsuite ignored="0" hostname="LAPTOP-6EUUVVQ8" failures="0" tests="2" name="Run Display countries_class" time="4.463" errors="0" timestamp="2025-08-01T20:53:21 IST">
  <testcase classname="BaseClass.TestAutoPrac_BrowserSetup" name="drive" time="4.062"/>
  <testcase classname="TestCases.TestAutoPrac_DisplayCountryNames" name="getCountries" time="0.121"/>
</testsuite> <!-- Run Display countries_class -->
