<?xml version="1.0" encoding="UTF-8"?>
<!-- Generated by org.testng.reporters.JUnitXMLReporter -->
<testsuite ignored="0" hostname="LAPTOP-6EUUVVQ8" failures="0" tests="4" name="RunEnterPersondetails_class" time="5.592" errors="0" timestamp="2025-08-05T20:55:51 IST">
  <testcase classname="BaseClass.TestAutoPrac_BrowserSetup" name="drive" time="4.342"/>
  <testcase classname="TestCases.TestAutoPrac_EnterPersonalDetails" name="RunName" time="0.372"/>
  <testcase classname="TestCases.TestAutoPrac_EnterPersonalDetails" name="Days" time="0.077"/>
  <testcase classname="TestCases.TestAutoPrac_EnterPersonalDetails" name="Colors" time="0.173"/>
</testsuite> <!-- RunEnterPersondetails_class -->
