<?xml version="1.0" encoding="UTF-8"?>
<!-- Generated by org.testng.reporters.JUnitXMLReporter -->
<testsuite ignored="0" hostname="LAPTOP-6EUUVVQ8" failures="0" tests="2" name="RunEnterPersondetails_class" time="7.817" errors="0" timestamp="2025-08-01T20:53:16 IST">
  <testcase classname="BaseClass.TestAutoPrac_BrowserSetup" name="drive" time="6.289"/>
  <testcase classname="TestCases.TestAutoPrac_EnterPersonalDetails" name="RunName" time="0.605"/>
</testsuite> <!-- RunEnterPersondetails_class -->
