<?xml version="1.0" encoding="UTF-8"?>
<testng-results ignored="0" total="4" passed="4" failed="0" skipped="0">
  <reporter-output>
  </reporter-output>
  <suite started-at="2025-08-05T20:55:45 IST" name="Suite" finished-at="2025-08-05T20:55:51 IST" duration-ms="5592">
    <groups>
    </groups>
    <test started-at="2025-08-05T20:55:45 IST" name="RunEnterPersondetails_class" finished-at="2025-08-05T20:55:51 IST" duration-ms="5592">
      <class name="TestCases.TestAutoPrac_EnterPersonalDetails">
        <test-method signature="drive()[pri:0, instance:TestCases.TestAutoPrac_EnterPersonalDetails@7e7be63f]" started-at="2025-08-05T20:55:45 IST" name="drive" finished-at="2025-08-05T20:55:49 IST" duration-ms="4342" status="PASS">
          <reporter-output>
          </reporter-output>
        </test-method> <!-- drive -->
        <test-method signature="RunName(java.lang.String,java.lang.String)[pri:1, instance:TestCases.TestAutoPrac_EnterPersonalDetails@7e7be63f]" started-at="2025-08-05T20:55:50 IST" name="RunName" finished-at="2025-08-05T20:55:50 IST" duration-ms="372" status="PASS">
          <params>
            <param index="0">
              <value>
                <![CDATA[Prashanth kumar]]>
              </value>
            </param>
            <param index="1">
              <value>
                <![CDATA[Prashanth.gmail.com]]>
              </value>
            </param>
          </params>
          <reporter-output>
          </reporter-output>
        </test-method> <!-- RunName -->
        <test-method signature="Days()[pri:2, instance:TestCases.TestAutoPrac_EnterPersonalDetails@7e7be63f]" started-at="2025-08-05T20:55:50 IST" name="Days" finished-at="2025-08-05T20:55:50 IST" duration-ms="77" status="PASS">
          <reporter-output>
          </reporter-output>
        </test-method> <!-- Days -->
        <test-method signature="Colors()[pri:3, instance:TestCases.TestAutoPrac_EnterPersonalDetails@7e7be63f]" started-at="2025-08-05T20:55:50 IST" name="Colors" finished-at="2025-08-05T20:55:51 IST" duration-ms="173" status="PASS">
          <reporter-output>
          </reporter-output>
        </test-method> <!-- Colors -->
      </class> <!-- TestCases.TestAutoPrac_EnterPersonalDetails -->
    </test> <!-- RunEnterPersondetails_class -->
  </suite> <!-- Suite -->
</testng-results>
