<?xml version="1.0" encoding="UTF-8"?>
<testng-results ignored="0" total="2" passed="2" failed="0" skipped="0">
  <reporter-output>
  </reporter-output>
  <suite started-at="2025-07-17T20:38:12 IST" name="Suite" finished-at="2025-07-17T20:38:20 IST" duration-ms="7883">
    <groups>
    </groups>
    <test started-at="2025-07-17T20:38:12 IST" name="Test" finished-at="2025-07-17T20:38:20 IST" duration-ms="7883">
      <class name="TestCases.EnterNameIn">
        <test-method signature="drive()[pri:0, instance:TestCases.EnterNameIn@515c6049]" started-at="2025-07-17T20:38:12 IST" name="drive" finished-at="2025-07-17T20:38:19 IST" duration-ms="7006" status="PASS">
          <reporter-output>
          </reporter-output>
        </test-method> <!-- drive -->
        <test-method signature="RunName()[pri:0, instance:TestCases.EnterNameIn@515c6049]" started-at="2025-07-17T20:38:19 IST" name="RunName" finished-at="2025-07-17T20:38:20 IST" duration-ms="827" status="PASS">
          <reporter-output>
          </reporter-output>
        </test-method> <!-- RunName -->
      </class> <!-- TestCases.EnterNameIn -->
    </test> <!-- Test -->
  </suite> <!-- Suite -->
</testng-results>
