<?xml version="1.0" encoding="UTF-8"?>
<!-- Generated by org.testng.reporters.JUnitReportReporter -->
<testsuite hostname="LAPTOP-6EUUVVQ8" failures="0" tests="4" name="TestCases.TestAutoPrac_EnterPersonalDetails" time="0.982" errors="0" timestamp="2025-08-13T13:43:42 IST" skipped="0">
  <testcase classname="TestCases.TestAutoPrac_EnterPersonalDetails" name="RunName" time="0.515"/>
  <testcase classname="TestCases.TestAutoPrac_EnterPersonalDetails" name="Days" time="0.077"/>
  <testcase classname="TestCases.TestAutoPrac_EnterPersonalDetails" name="Colors" time="0.219"/>
  <testcase classname="TestCases.TestAutoPrac_EnterPersonalDetails" name="DatePicker" time="0.171"/>
</testsuite> <!-- TestCases.TestAutoPrac_EnterPersonalDetails -->
